build/outputs/logs/manifest-merger-debug-report.txt
-- Merging decision tree log ---
manifest
ADDED from src\main\AndroidManifest.xml:2:1-33:12
INJECTED from src\main\AndroidManifest.xml:2:1-33:12
INJECTED from src\main\AndroidManifest.xml:2:1-33:12
INJECTED from src\main\AndroidManifest.xml:2:1-33:12
INJECTED from src\main\AndroidManifest.xml:2:1-33:12
INJECTED from src\main\AndroidManifest.xml:2:1-33:12
INJECTED from src\main\AndroidManifest.xml:2:1-33:12
	package
		ADDED from src\main\AndroidManifest.xml:2:70-95
		INJECTED from src\main\AndroidManifest.xml
		INJECTED from src\main\AndroidManifest.xml
	android:versionName
		INJECTED from src\main\AndroidManifest.xml
		ADDED from src\main\AndroidManifest.xml:2:1-33:12
		INJECTED from src\main\AndroidManifest.xml
	android:versionCode
		INJECTED from src\main\AndroidManifest.xml
		ADDED from src\main\AndroidManifest.xml:2:1-33:12
		INJECTED from src\main\AndroidManifest.xml
	xmlns:android
		ADDED from src\main\AndroidManifest.xml:2:11-69
	android:installLocation
		ADDED from src\main\AndroidManifest.xml:2:96-136
application
ADDED from src\main\AndroidManifest.xml:3:3-24:17
	android:supportsRtl
		ADDED from src\main\AndroidManifest.xml:3:157-183
	android:label
		ADDED from src\main\AndroidManifest.xml:3:78-110
	android:roundIcon
		ADDED from src\main\AndroidManifest.xml:3:111-156
	android:icon
		ADDED from src\main\AndroidManifest.xml:3:43-77
	android:allowBackup
		ADDED from src\main\AndroidManifest.xml:3:16-42
	android:banner
		ADDED from src\main\AndroidManifest.xml:3:238-275
	android:theme
		ADDED from src\main\AndroidManifest.xml:3:184-215
	android:isGame
		ADDED from src\main\AndroidManifest.xml:3:216-237
activity#itb.strokesaver.MainActivity
ADDED from src\main\AndroidManifest.xml:4:5-10:16
	android:name
		ADDED from src\main\AndroidManifest.xml:4:15-43
activity#itb.strokesaver.Hole1
ADDED from src\main\AndroidManifest.xml:11:5-39
	android:name
		ADDED from src\main\AndroidManifest.xml:11:15-36
activity#itb.strokesaver.Hole2
ADDED from src\main\AndroidManifest.xml:12:5-39
	android:name
		ADDED from src\main\AndroidManifest.xml:12:15-36
activity#itb.strokesaver.Hole3
ADDED from src\main\AndroidManifest.xml:13:5-39
	android:name
		ADDED from src\main\AndroidManifest.xml:13:15-36
activity#itb.strokesaver.Hole4
ADDED from src\main\AndroidManifest.xml:14:5-39
	android:name
		ADDED from src\main\AndroidManifest.xml:14:15-36
activity#itb.strokesaver.Hole5
ADDED from src\main\AndroidManifest.xml:15:5-39
	android:name
		ADDED from src\main\AndroidManifest.xml:15:15-36
activity#itb.strokesaver.Hole6
ADDED from src\main\AndroidManifest.xml:16:5-39
	android:name
		ADDED from src\main\AndroidManifest.xml:16:15-36
activity#itb.strokesaver.Hole7
ADDED from src\main\AndroidManifest.xml:17:5-39
	android:name
		ADDED from src\main\AndroidManifest.xml:17:15-36
activity#itb.strokesaver.Hole8
ADDED from src\main\AndroidManifest.xml:18:5-39
	android:name
		ADDED from src\main\AndroidManifest.xml:18:15-36
activity#itb.strokesaver.Hole9
ADDED from src\main\AndroidManifest.xml:19:5-20:16
	android:name
		ADDED from src\main\AndroidManifest.xml:19:15-36
meta-data#unity.build-id
ADDED from src\main\AndroidManifest.xml:21:5-101
	android:value
		ADDED from src\main\AndroidManifest.xml:21:46-98
	android:name
		ADDED from src\main\AndroidManifest.xml:21:16-45
meta-data#unity.splash-mode
ADDED from src\main\AndroidManifest.xml:22:5-69
	android:value
		ADDED from src\main\AndroidManifest.xml:22:49-66
	android:name
		ADDED from src\main\AndroidManifest.xml:22:16-48
meta-data#unity.splash-enable
ADDED from src\main\AndroidManifest.xml:23:5-74
	android:value
		ADDED from src\main\AndroidManifest.xml:23:51-71
	android:name
		ADDED from src\main\AndroidManifest.xml:23:16-50
uses-feature#0x00020000
ADDED from src\main\AndroidManifest.xml:25:3-52
	android:glEsVersion
		ADDED from src\main\AndroidManifest.xml:25:17-49
uses-permission#android.permission.INTERNET
ADDED from src\main\AndroidManifest.xml:26:3-65
	android:name
		ADDED from src\main\AndroidManifest.xml:26:20-62
uses-permission#android.permission.WRITE_EXTERNAL_STORAGE
ADDED from src\main\AndroidManifest.xml:27:3-106
	android:maxSdkVersion
		ADDED from src\main\AndroidManifest.xml:27:77-103
	android:name
		ADDED from src\main\AndroidManifest.xml:27:20-76
uses-permission#android.permission.READ_EXTERNAL_STORAGE
ADDED from src\main\AndroidManifest.xml:28:3-105
	android:maxSdkVersion
		ADDED from src\main\AndroidManifest.xml:28:76-102
	android:name
		ADDED from src\main\AndroidManifest.xml:28:20-75
uses-feature#android.hardware.sensor.accelerometer
ADDED from src\main\AndroidManifest.xml:29:3-97
	android:required
		ADDED from src\main\AndroidManifest.xml:29:70-94
	android:name
		ADDED from src\main\AndroidManifest.xml:29:17-69
uses-feature#android.hardware.touchscreen
ADDED from src\main\AndroidManifest.xml:30:3-88
	android:required
		ADDED from src\main\AndroidManifest.xml:30:61-85
	android:name
		ADDED from src\main\AndroidManifest.xml:30:17-60
uses-feature#android.hardware.touchscreen.multitouch
ADDED from src\main\AndroidManifest.xml:31:3-99
	android:required
		ADDED from src\main\AndroidManifest.xml:31:72-96
	android:name
		ADDED from src\main\AndroidManifest.xml:31:17-71
uses-feature#android.hardware.touchscreen.multitouch.distinct
ADDED from src\main\AndroidManifest.xml:32:3-108
	android:required
		ADDED from src\main\AndroidManifest.xml:32:81-105
	android:name
		ADDED from src\main\AndroidManifest.xml:32:17-80
uses-sdk
INJECTED from src\main\AndroidManifest.xml reason: use-sdk injection requested
INJECTED from src\main\AndroidManifest.xml
INJECTED from src\main\AndroidManifest.xml
INJECTED from src\main\AndroidManifest.xml
INJECTED from src\main\AndroidManifest.xml
	android:targetSdkVersion
		INJECTED from src\main\AndroidManifest.xml
		ADDED from src\main\AndroidManifest.xml
		INJECTED from src\main\AndroidManifest.xml
	android:minSdkVersion
		INJECTED from src\main\AndroidManifest.xml
		ADDED from src\main\AndroidManifest.xml
		INJECTED from src\main\AndroidManifest.xml